<?xml version="1.0" encoding="UTF-8"?>
<!-- Generated by org.testng.reporters.JUnitReportReporter -->
<testsuite hostname="DESKTOP-0SGD7C0" failures="0" tests="1" name="supermarketproject.LoginPageTest" time="12.841" errors="0" timestamp="2025-10-24T10:58:56 BST" skipped="0">
  <testcase classname="supermarketproject.LoginPageTest" name="verifyInValidCredentials" time="12.841"/>
</testsuite> <!-- supermarketproject.LoginPageTest -->
