<?xml version="1.0" encoding="UTF-8"?>
<!-- Generated by org.testng.reporters.JUnitReportReporter -->
<testsuite hostname="DESKTOP-0SGD7C0" failures="0" tests="1" name="supermarketproject.ManageNewsTest" time="17.016" errors="0" timestamp="2025-10-29T13:31:05 GMT" skipped="0">
  <testcase classname="supermarketproject.ManageNewsTest" name="createNewNews" time="17.016"/>
</testsuite> <!-- supermarketproject.ManageNewsTest -->
