<?xml version="1.0" encoding="UTF-8"?>
<!-- Generated by org.testng.reporters.JUnitReportReporter -->
<testsuite hostname="DESKTOP-0SGD7C0" failures="0" tests="1" name="supermarketproject.AdminUsersTest" time="15.426" errors="0" timestamp="2025-10-30T05:59:39 GMT" skipped="0">
  <testcase classname="supermarketproject.AdminUsersTest" name="createNewAdminUser" time="15.426"/>
</testsuite> <!-- supermarketproject.AdminUsersTest -->
