<?xml version="1.0" encoding="UTF-8"?>
<!-- Generated by org.testng.reporters.JUnitReportReporter -->
<testsuite hostname="DESKTOP-0SGD7C0" failures="0" tests="1" name="supermarketproject.ManageNewsTest" time="14.216" errors="0" timestamp="2025-10-23T13:42:20 BST" skipped="0">
  <testcase classname="supermarketproject.ManageNewsTest" name="fcreateNewNews" time="14.216"/>
</testsuite> <!-- supermarketproject.ManageNewsTest -->
