<?xml version="1.0" encoding="UTF-8"?>
<!-- Generated by org.testng.reporters.JUnitReportReporter -->
<testsuite hostname="DESKTOP-0SGD7C0" failures="0" tests="1" name="supermarketproject.Base" time="0.037" errors="0" timestamp="2025-10-21T16:48:07 BST" skipped="0">
  <testcase classname="supermarketproject.Base" name="f" time="0.037"/>
</testsuite> <!-- supermarketproject.Base -->
